# LogFrom:E:/mobile/jqmobile/app/patient.php LogSetPath:Debug/Query #

INSERT INTO hg_patient(name, sex, birthday, hospital, doctor, tooth_position, production_unit, create_time, operator, false_tooth, repaire_pic)VALUES('CCCCC', '0', '12', 'AAAA', 'BBBB','111|222|333|444', 'DDDD','2017', 'EEEE', '2', '1501171374.jpg');
INSERT INTO hg_patient(name, sex, birthday, hospital, doctor, tooth_position, production_unit, create_time, operator, false_tooth, repaire_pic)VALUES('CCCCC', '0', '12', 'AAAA', 'BBBB','111|222|333|444', 'DDDD','2017', 'EEEE', '2', '1501171425.jpg');
SELECT * FROM hg_user WHERE user_id = ;
INSERT INTO hg_patient(name, sex, birthday, hospital, doctor, tooth_position, production_unit, create_time, operator, false_tooth, repaire_pic)VALUES('CCVCCC', '0', '12', 'AAAAA', 'BBBB','111|222|333|444', 'DDDD','2017', 'EEEE', '2', '1501171480.jpg');
SELECT * FROM hg_user WHERE user_id = ;
SELECT * FROM hg_gift WHERE is_delete = 0 ORDER BY gift_id DESC LIMIT 0, 10;
SELECT * FROM hg_gift WHERE is_delete = 0 ORDER BY gift_id DESC LIMIT 0, 10;
SELECT * FROM hg_gift WHERE is_delete = 0 ORDER BY gift_id DESC LIMIT 0, 10;
SELECT * FROM hg_gift WHERE is_delete = 0 ORDER BY gift_id DESC LIMIT 0, 10;
SELECT * FROM hg_gift WHERE is_delete = 0 ORDER BY gift_id DESC LIMIT 0, 10;
SELECT * FROM hg_gift WHERE is_delete = 0 ORDER BY gift_id DESC LIMIT 0, 10;
SELECT * FROM hg_gift WHERE is_delete = 0 ORDER BY gift_id DESC LIMIT 0, 10;
SELECT * FROM hg_gift WHERE is_delete = 0 ORDER BY gift_id DESC LIMIT 0, 10;
SELECT * FROM hg_gift WHERE is_delete = 0 ORDER BY gift_id DESC LIMIT 0, 10;
SELECT * FROM hg_gift WHERE is_delete = 0 ORDER BY gift_id DESC LIMIT 0, 10;
SELECT * FROM hg_gift WHERE is_delete = 0 ORDER BY gift_id DESC LIMIT 0, 10;
SELECT * FROM hg_gift WHERE is_delete = 0 ORDER BY gift_id DESC LIMIT 0, 10;
SELECT * FROM hg_gift WHERE is_delete = 0 ORDER BY gift_id DESC LIMIT 0, 10;
SELECT * FROM hg_gift WHERE is_delete = 0 ORDER BY gift_id DESC LIMIT 0, 10;
SELECT * FROM hg_gift WHERE is_delete = 0 ORDER BY gift_id DESC LIMIT 0, 10;
SELECT * FROM hg_gift WHERE is_delete = 0 ORDER BY gift_id DESC LIMIT 0, 10;
SELECT * FROM hg_gift WHERE is_delete = 0 ORDER BY gift_id DESC LIMIT 0, 10;
SELECT * FROM hg_gift WHERE is_delete = 0 ORDER BY gift_id DESC LIMIT 0, 10;
SELECT * FROM hg_gift WHERE is_delete = 0 ORDER BY gift_id DESC LIMIT 0, 10;
SELECT * FROM hg_gift WHERE is_delete = 0 ORDER BY gift_id DESC LIMIT 0, 10;
SELECT * FROM hg_gift WHERE is_delete = 0 ORDER BY gift_id DESC LIMIT 0, 10;
SELECT * FROM hg_gift WHERE is_delete = 0 ORDER BY gift_id DESC LIMIT 0, 10;
SELECT * FROM hg_gift WHERE is_delete = 0 ORDER BY gift_id DESC LIMIT 0, 10;
SELECT * FROM hg_gift WHERE is_delete = 0 ORDER BY gift_id DESC LIMIT 0, 10;
SELECT * FROM hg_gift WHERE is_delete = 0 ORDER BY gift_id DESC LIMIT 0, 10;
SELECT * FROM hg_gift WHERE is_delete = 0 ORDER BY gift_id DESC LIMIT 0, 10;
SELECT * FROM hg_gift WHERE is_delete = 0 ORDER BY gift_id DESC LIMIT 0, 10;
SELECT * FROM hg_gift WHERE is_delete = 0 ORDER BY gift_id DESC LIMIT 0, 10;
SELECT * FROM hg_gift WHERE is_delete = 0 ORDER BY gift_id DESC LIMIT 0, 10;
SELECT * FROM hg_gift WHERE is_delete = 0 ORDER BY gift_id DESC LIMIT 0, 10;
SELECT * FROM hg_gift WHERE is_delete = 0 ORDER BY gift_id DESC LIMIT 0, 10;
SELECT * FROM hg_gift WHERE is_delete = 0 ORDER BY gift_id DESC LIMIT 0, 10;
SELECT * FROM hg_gift WHERE is_delete = 0 ORDER BY gift_id DESC LIMIT 0, 10;
SELECT * FROM hg_gift WHERE is_delete = 0 ORDER BY gift_id DESC LIMIT 0, 10;
SELECT * FROM hg_gift WHERE is_delete = 0 ORDER BY gift_id DESC LIMIT 0, 10;
SELECT * FROM hg_gift WHERE is_delete = 0 ORDER BY gift_id DESC LIMIT 0, 10;
SELECT * FROM hg_user WHERE username = 'caoqun' AND password = 'e10adc3949ba59abbe56e057f20f883e' LIMIT 1;
UPDATE hg_user SET last_login = 1501226130 , last_ip = '127.0.0.1' WHERE user_id = 12;
SELECT * FROM hg_gift WHERE is_delete = 0 ORDER BY gift_id DESC LIMIT 0, 10;
SELECT * FROM hg_gift WHERE is_delete = 0 ORDER BY gift_id DESC LIMIT 0, 10;
SELECT * FROM hg_gift WHERE is_delete = 0 ORDER BY gift_id DESC LIMIT 0, 10;
SELECT * FROM hg_gift WHERE is_delete = 0 ORDER BY gift_id DESC LIMIT 0, 10;
SELECT * FROM hg_gift WHERE is_delete = 0 ORDER BY gift_id DESC LIMIT 0, 10;
SELECT * FROM hg_gift WHERE is_delete = 0 ORDER BY gift_id DESC LIMIT 0, 10;
SELECT * FROM hg_gift WHERE is_delete = 0 ORDER BY gift_id DESC LIMIT 0, 10;
SELECT * FROM hg_gift WHERE is_delete = 0 ORDER BY gift_id DESC LIMIT 0, 10;
SELECT * FROM hg_gift WHERE is_delete = 0 ORDER BY gift_id DESC LIMIT 0, 10;
SELECT * FROM hg_gift WHERE is_delete = 0 ORDER BY gift_id DESC LIMIT 0, 10;
SELECT * FROM hg_gift WHERE is_delete = 0 ORDER BY gift_id DESC LIMIT 0, 10;
SELECT * FROM hg_gift WHERE is_delete = 0 ORDER BY gift_id DESC LIMIT 0, 10;
SELECT * FROM hg_gift WHERE is_delete = 0 ORDER BY gift_id DESC LIMIT 0, 10;
SELECT * FROM hg_gift WHERE is_delete = 0 ORDER BY gift_id DESC LIMIT 0, 10;
SELECT * FROM hg_gift WHERE is_delete = 0 ORDER BY gift_id DESC LIMIT 0, 10;
SELECT * FROM hg_gift WHERE is_delete = 0 ORDER BY gift_id DESC LIMIT 0, 10;
SELECT * FROM hg_gift WHERE is_delete = 0 ORDER BY gift_id DESC LIMIT 0, 10;
SELECT * FROM hg_gift WHERE is_delete = 0 ORDER BY gift_id DESC LIMIT 0, 10;
SELECT * FROM hg_gift WHERE is_delete = 0 ORDER BY gift_id DESC LIMIT 0, 10;
SELECT * FROM hg_gift WHERE is_delete = 0 ORDER BY gift_id DESC LIMIT 0, 10;
SELECT * FROM hg_gift WHERE is_delete = 0 ORDER BY gift_id DESC LIMIT 0, 10;
SELECT * FROM hg_gift WHERE is_delete = 0 ORDER BY gift_id DESC LIMIT 0, 10;
SELECT * FROM hg_gift WHERE is_delete = 0 ORDER BY gift_id DESC LIMIT 0, 10;
SELECT * FROM hg_gift WHERE is_delete = 0 ORDER BY gift_id DESC LIMIT 0, 10;
SELECT * FROM hg_gift WHERE is_delete = 0 ORDER BY gift_id DESC LIMIT 0, 10;
SELECT * FROM hg_gift WHERE is_delete = 0 ORDER BY gift_id DESC LIMIT 0, 10;
SELECT * FROM hg_gift WHERE is_delete = 0 ORDER BY gift_id DESC LIMIT 0, 10;
SELECT * FROM hg_gift WHERE is_delete = 0 ORDER BY gift_id DESC LIMIT 0, 10;
SELECT * FROM hg_gift WHERE is_delete = 0 ORDER BY gift_id DESC LIMIT 0, 10;
SELECT * FROM hg_gift WHERE is_delete = 0 ORDER BY gift_id DESC LIMIT 0, 10;
SELECT * FROM hg_gift WHERE is_delete = 0 ORDER BY gift_id DESC LIMIT 0, 10;
SELECT * FROM hg_gift WHERE is_delete = 0 ORDER BY gift_id DESC LIMIT 0, 10;
SELECT * FROM hg_gift WHERE is_delete = 0 AND gift_id IN (30,29);
SELECT * FROM hg_gift WHERE is_delete = 0 AND gift_id IN (30,29);
SELECT * FROM hg_gift WHERE is_delete = 0 AND gift_id IN (30,29);
