# LogFrom:E:/mobile/jqmobile/app/user.php LogSetPath:Debug/Query #

INSERT INTO hg_sms_code(mobile, code, update_time)VALUES('18721225190', 9390, NOW());
SELECT code FROM hg_sms_code WHERE mobile = '18721225190' ORDER BY mid DESC LIMIT 1;
SELECT * FROM hg_region WHERE parent_id = 1;
SELECT code FROM hg_sms_code WHERE mobile = '' ORDER BY mid DESC LIMIT 1;
SELECT * FROM hg_region WHERE parent_id = 1;
SELECT code FROM hg_sms_code WHERE mobile = '' ORDER BY mid DESC LIMIT 1;
SELECT * FROM hg_region WHERE parent_id = 1;
SELECT code FROM hg_sms_code WHERE mobile = '18721225190' ORDER BY mid DESC LIMIT 1;
SELECT * FROM hg_region WHERE parent_id = 1;
SELECT * FROM hg_region WHERE parent_id = 14;
SELECT * FROM hg_region WHERE parent_id = 207;
INSERT INTO hg_user(username, mobile, realname, password, user_type, email, company_name, company_addr, department, position, persons_num, head_img, birthday, create_time, last_login, last_ip)VALUES('18721225190','18721225190','caozheng', '96e79218965eb72c92a549dd5a330112', '1', 'cazh220@163.com', '东方饭店','大街100号', '','技工', '100', '20170802001544.jpg','2017-08-03 00:00:00','2017-08-02 00:15:44','2017-08-02 00:15:44','127.0.0.1');
SELECT * FROM hg_user WHERE user_id = 27;
INSERT INTO hg_patient(name, sex, birthday, hospital, doctor, tooth_position, production_unit, create_time, operator, false_tooth, repairosome_pic, security_code, mobile, email, update_time)VALUES('张老', '0', '56', '医疗A', '医疗专家A','111|222|333|444', '东方饭店','2017-08-02 00:17:37', 'caozheng', '1', '20170802001737.jpg','','18721225190','cazh220@163.com','2017-08-02 00:17:37');
INSERT INTO hg_sms_code(mobile, code, update_time)VALUES('18721225191', 9489, NOW());
INSERT INTO hg_sms_code(mobile, code, update_time)VALUES('18721225191', 9399, NOW());
SELECT code FROM hg_sms_code WHERE mobile = '18721225191' ORDER BY mid DESC LIMIT 1;
SELECT * FROM hg_region WHERE parent_id = 1;
SELECT * FROM hg_region WHERE parent_id = 16;
SELECT * FROM hg_region WHERE parent_id = 229;
INSERT INTO hg_user(username, mobile, realname, password, user_type, email, company_name, company_addr, department, position, persons_num, head_img, birthday, create_time, last_login, last_ip)VALUES('18721225191','18721225191','李医生', '96e79218965eb72c92a549dd5a330112', '2', 'postmaster@live.cn', '协和医院','世纪大道1111', '','主任', '44', '20170802002101.jpg','2017-08-03 00:00:00','2017-08-02 00:21:01','2017-08-02 00:21:01','127.0.0.1');
SELECT * FROM hg_user WHERE user_id = 28;
SELECT * FROM hg_patient WHERE security_code = '123456789';
INSERT INTO hg_sms_code(mobile, code, update_time)VALUES('18721225192', 1931, NOW());
SELECT code FROM hg_sms_code WHERE mobile = '18721225192' ORDER BY mid DESC LIMIT 1;
SELECT * FROM hg_region WHERE parent_id = 1;
