# LogFrom:E:/mobile/jqmobile/app/user.php LogSetPath:Debug/Query #

INSERT INTO hg_sms_code(mobile, code, update_time)VALUES(18721225190, 1353, NOW());
INSERT INTO hg_sms_code(mobile, code, update_time)VALUES(18721225190, 8694, NOW());
INSERT INTO hg_sms_code(mobile, code, update_time)VALUES(18721225190, 6274, NOW());
INSERT INTO hg_sms_code(mobile, code, update_time)VALUES(18721225190, 2925, NOW());
INSERT INTO hg_sms_code(mobile, code, update_time)VALUES(18721225190, 8944, NOW());
INSERT INTO hg_sms_code(mobile, code, update_time)VALUES(18721225190, 4298, NOW());
INSERT INTO hg_sms_code(mobile, code, update_time)VALUES(18721225190, 2762, NOW());
INSERT INTO hg_sms_code(mobile, code, update_time)VALUES(18721225190, 4532, NOW());
INSERT INTO hg_sms_code(mobile, code, update_time)VALUES(18721225190, 3801, NOW());
INSERT INTO hg_sms_code(mobile, code, update_time)VALUES(18721225190, 1987, NOW());
INSERT INTO hg_sms_code(mobile, code, update_time)VALUES(18721225190, 6756, NOW());
INSERT INTO hg_sms_code(mobile, code, update_time)VALUES(18721225190, 5861, NOW());
INSERT INTO hg_sms_code(mobile, code, update_time)VALUES(18721225190, 3075, NOW());
INSERT INTO hg_sms_code(mobile, code, update_time)VALUES(18721225190, 7308, NOW());
INSERT INTO hg_sms_code(mobile, code, update_time)VALUES(18721225190, 7375, NOW());
INSERT INTO hg_sms_code(mobile, code, update_time)VALUES(18721225190, 1446, NOW());
INSERT INTO hg_sms_code(mobile, code, update_time)VALUES(18721225190, 7433, NOW());
INSERT INTO hg_sms_code(mobile, code, update_time)VALUES(18721225190, 5578, NOW());
INSERT INTO hg_sms_code(mobile, code, update_time)VALUES(18721225190, 9459, NOW());
SELECT code FROM hg_sms_code WHERE mobile = '' ORDER BY mid DESC LIMIT 1 LIMIT 1;
SELECT code FROM hg_sms_code WHERE mobile = '' ORDER BY mid DESC LIMIT 1 LIMIT 1;
SELECT code FROM hg_sms_code WHERE mobile = '18721225190' ORDER BY mid DESC LIMIT 1 LIMIT 1;
SELECT code FROM hg_sms_code WHERE mobile = '18721225190' ORDER BY mid DESC LIMIT 1 LIMIT 1;
SELECT code FROM hg_sms_code WHERE mobile = '18721225190' ORDER BY mid DESC LIMIT 1;
SELECT code FROM hg_sms_code WHERE mobile = '18721225190' ORDER BY mid DESC LIMIT 1;
SELECT code FROM hg_sms_code WHERE mobile = '18721225190' ORDER BY mid DESC LIMIT 1;
SELECT code FROM hg_sms_code WHERE mobile = '18721225190' ORDER BY mid DESC LIMIT 1;
SELECT code FROM hg_sms_code WHERE mobile = '18721225190' ORDER BY mid DESC LIMIT 1;
SELECT code FROM hg_sms_code WHERE mobile = '18721225190' ORDER BY mid DESC LIMIT 1;
SELECT code FROM hg_sms_code WHERE mobile = '18721225190' ORDER BY mid DESC LIMIT 1;
SELECT code FROM hg_sms_code WHERE mobile = '18721225190' ORDER BY mid DESC LIMIT 1;
